<?xml version="1.0" encoding="utf-8"?><testsuites name="pytest tests"><testsuite name="pytest" errors="0" failures="0" skipped="0" tests="12" time="3.414" timestamp="2026-06-08T06:48:58.377260+00:00" hostname="agent-env-55122979-420f-4900-9bad-0623a8b8e5e4"><testcase classname="backend.tests.test_ghostboard.TestAuth" name="test_admin_login_success" time="0.451" /><testcase classname="backend.tests.test_ghostboard.TestAuth" name="test_login_invalid_credentials" time="0.127" /><testcase classname="backend.tests.test_ghostboard.TestAuth" name="test_register_new_user" time="0.442" /><testcase classname="backend.tests.test_ghostboard.TestAuth" name="test_auth_me" time="0.448" /><testcase classname="backend.tests.test_ghostboard.TestAuth" name="test_auth_me_no_token" time="0.137" /><testcase classname="backend.tests.test_ghostboard.TestProjects" name="test_list_projects" time="0.124" /><testcase classname="backend.tests.test_ghostboard.TestProjects" name="test_create_and_get_project" time="0.318" /><testcase classname="backend.tests.test_ghostboard.TestProjects" name="test_delete_project" time="0.309" /><testcase classname="backend.tests.test_ghostboard.TestMemory" name="test_create_and_list_memory" time="0.364" /><testcase classname="backend.tests.test_ghostboard.TestMemory" name="test_delete_memory_doc" time="0.210" /><testcase classname="backend.tests.test_ghostboard.TestMemory" name="test_search_memory" time="0.303" /><testcase classname="backend.tests.test_ghostboard.TestStats" name="test_get_stats" time="0.107" /></testsuite></testsuites>