<?xml version="1.0" encoding="utf-8"?><testsuites name="pytest tests"><testsuite name="pytest" errors="0" failures="0" skipped="0" tests="7" time="60.891" timestamp="2026-06-08T09:09:26.287882+00:00" hostname="agent-env-55122979-420f-4900-9bad-0623a8b8e5e4"><testcase classname="backend.tests.test_sprint_planner" name="test_get_tasks_empty_or_list" time="0.649" /><testcase classname="backend.tests.test_sprint_planner" name="test_create_task" time="0.120" /><testcase classname="backend.tests.test_sprint_planner" name="test_update_task_status" time="0.267" /><testcase classname="backend.tests.test_sprint_planner" name="test_update_task_not_found" time="0.107" /><testcase classname="backend.tests.test_sprint_planner" name="test_delete_task" time="0.319" /><testcase classname="backend.tests.test_sprint_planner" name="test_delete_task_not_found" time="0.140" /><testcase classname="backend.tests.test_sprint_planner" name="test_generate_sprint_plan" time="59.122" /></testsuite></testsuites>